  main.cpp
D:\으아악\Simple-FPS-OpenGL\inc\GLFW\glfw3.h(3173,1): warning C4819: 현재 코드 페이지(949)에서 표시할 수 없는 문자가 파일에 들어 있습니다. 데이터가 손실되지 않게 하려면 해당 파일을 유니코드 형식으로 저장하십시오.
  (소스 파일 'main.cpp'을(를) 컴파일하는 중)
  
D:\으아악\Simple-FPS-OpenGL\inc\ShaderReader.h(18,20): warning C4267: '=': 'size_t'에서 'int'(으)로 변환하면서 데이터가 손실될 수 있습니다.
  (소스 파일 'main.cpp'을(를) 컴파일하는 중)
  
D:\으아악\Simple-FPS-OpenGL\Simple-FPS-OpenGL\DataStruct.h(23,15): warning C4305: '초기화 중': 'double'에서 'float'(으)로 잘립니다.
  (소스 파일 'main.cpp'을(를) 컴파일하는 중)
  
D:\으아악\Simple-FPS-OpenGL\Simple-FPS-OpenGL\LoadOBJ.h(36,38): warning C4267: '=': 'size_t'에서 'int'(으)로 변환하면서 데이터가 손실될 수 있습니다.
  (소스 파일 'main.cpp'을(를) 컴파일하는 중)
  
D:\으아악\Simple-FPS-OpenGL\Simple-FPS-OpenGL\main.cpp(26,21): warning C4305: '초기화 중': 'double'에서 'float'(으)로 잘립니다.
D:\으아악\Simple-FPS-OpenGL\Simple-FPS-OpenGL\main.cpp(27,27): warning C4305: '초기화 중': 'double'에서 'float'(으)로 잘립니다.
D:\으아악\Simple-FPS-OpenGL\Simple-FPS-OpenGL\main.cpp(28,31): warning C4305: '초기화 중': 'double'에서 'float'(으)로 잘립니다.
D:\으아악\Simple-FPS-OpenGL\Simple-FPS-OpenGL\main.cpp(178,45): warning C4244: '인수': 'double'에서 'T'(으)로 변환하면서 데이터가 손실될 수 있습니다.
D:\으아악\Simple-FPS-OpenGL\Simple-FPS-OpenGL\main.cpp(178,45): warning C4244:         with
D:\으아악\Simple-FPS-OpenGL\Simple-FPS-OpenGL\main.cpp(178,45): warning C4244:         [
D:\으아악\Simple-FPS-OpenGL\Simple-FPS-OpenGL\main.cpp(178,45): warning C4244:             T=float
D:\으아악\Simple-FPS-OpenGL\Simple-FPS-OpenGL\main.cpp(178,45): warning C4244:         ]
D:\으아악\Simple-FPS-OpenGL\Simple-FPS-OpenGL\main.cpp(203,17): warning C4244: '초기화 중': 'double'에서 'float'(으)로 변환하면서 데이터가 손실될 수 있습니다.
D:\으아악\Simple-FPS-OpenGL\Simple-FPS-OpenGL\main.cpp(204,17): warning C4244: '초기화 중': 'double'에서 'float'(으)로 변환하면서 데이터가 손실될 수 있습니다.
D:\으아악\Simple-FPS-OpenGL\Simple-FPS-OpenGL\main.cpp(226,35): warning C4305: '인수': 'double'에서 'GLfloat'(으)로 잘립니다.
D:\으아악\Simple-FPS-OpenGL\Simple-FPS-OpenGL\main.cpp(337,29): warning C4244: '-=': 'double'에서 'float'(으)로 변환하면서 데이터가 손실될 수 있습니다.
D:\으아악\Simple-FPS-OpenGL\Simple-FPS-OpenGL\main.cpp(338,29): warning C4244: '+=': 'double'에서 'float'(으)로 변환하면서 데이터가 손실될 수 있습니다.
D:\으아악\Simple-FPS-OpenGL\Simple-FPS-OpenGL\main.cpp(340,24): warning C4305: '=': 'double'에서 'float'(으)로 잘립니다.
D:\으아악\Simple-FPS-OpenGL\Simple-FPS-OpenGL\main.cpp(342,25): warning C4305: '=': 'double'에서 'float'(으)로 잘립니다.
D:\으아악\Simple-FPS-OpenGL\Simple-FPS-OpenGL\main.cpp(371,21): warning C4305: '-=': 'double'에서 'T'(으)로 잘립니다.
D:\으아악\Simple-FPS-OpenGL\Simple-FPS-OpenGL\main.cpp(371,21): warning C4305:         with
D:\으아악\Simple-FPS-OpenGL\Simple-FPS-OpenGL\main.cpp(371,21): warning C4305:         [
D:\으아악\Simple-FPS-OpenGL\Simple-FPS-OpenGL\main.cpp(371,21): warning C4305:             T=float
D:\으아악\Simple-FPS-OpenGL\Simple-FPS-OpenGL\main.cpp(371,21): warning C4305:         ]
D:\으아악\Simple-FPS-OpenGL\Simple-FPS-OpenGL\main.cpp(375,21): warning C4305: '+=': 'double'에서 'T'(으)로 잘립니다.
D:\으아악\Simple-FPS-OpenGL\Simple-FPS-OpenGL\main.cpp(375,21): warning C4305:         with
D:\으아악\Simple-FPS-OpenGL\Simple-FPS-OpenGL\main.cpp(375,21): warning C4305:         [
D:\으아악\Simple-FPS-OpenGL\Simple-FPS-OpenGL\main.cpp(375,21): warning C4305:             T=float
D:\으아악\Simple-FPS-OpenGL\Simple-FPS-OpenGL\main.cpp(375,21): warning C4305:         ]
  Simple-FPS-OpenGL.vcxproj -> D:\으아악\Simple-FPS-OpenGL\x64\Debug\Simple-FPS-OpenGL.exe
